05-11-2018 12:35:03.546 [restartedMain] INFO  a.edu.iua.ingweb3.Ingweb3Application.logStarting - Starting Ingweb3Application on m-lat with PID 7881 (/home/mariano/borrar/workspace-ingweb3-2018/ingweb3/target/classes started by mariano in /home/mariano/borrar/workspace-ingweb3-2018/ingweb3)
05-11-2018 12:35:03.547 [restartedMain] DEBUG a.edu.iua.ingweb3.Ingweb3Application.logStarting - Running with Spring Boot v2.0.4.RELEASE, Spring v5.0.8.RELEASE
05-11-2018 12:35:03.548 [restartedMain] INFO  a.edu.iua.ingweb3.Ingweb3Application.logStartupProfileInfo - No active profile set, falling back to default profiles: default
05-11-2018 12:35:05.932 [restartedMain] DEBUG o.h.s.internal.StatisticsInitiator.initiateServiceInternal - Statistics initialized [enabled=true]
05-11-2018 12:35:06.031 [restartedMain] WARN  o.s.b.w.s.c.AnnotationConfigServletWebServerApplicationContext.refresh - Exception encountered during context initialization - cancelling refresh attempt: org.springframework.beans.factory.BeanCreationException: Error creating bean with name 'testRestController' defined in file [/home/mariano/borrar/workspace-ingweb3-2018/ingweb3/target/classes/ar/edu/iua/ingweb3/web/services/TestRestController.class]: Instantiation of bean failed; nested exception is org.springframework.beans.BeanInstantiationException: Failed to instantiate [ar.edu.iua.ingweb3.web.services.TestRestController]: Constructor threw exception; nested exception is java.lang.Error: Unresolved compilation problems: 
	The declared package "com.reedcons.demo.web" does not match the expected package "ar.edu.iua.ingweb3.web.services"
	URL_TEST cannot be resolved or is not a field

05-11-2018 12:35:06.087 [restartedMain] ERROR o.s.boot.SpringApplication.reportFailure - Application run failed
org.springframework.beans.factory.BeanCreationException: Error creating bean with name 'testRestController' defined in file [/home/mariano/borrar/workspace-ingweb3-2018/ingweb3/target/classes/ar/edu/iua/ingweb3/web/services/TestRestController.class]: Instantiation of bean failed; nested exception is org.springframework.beans.BeanInstantiationException: Failed to instantiate [ar.edu.iua.ingweb3.web.services.TestRestController]: Constructor threw exception; nested exception is java.lang.Error: Unresolved compilation problems: 
	The declared package "com.reedcons.demo.web" does not match the expected package "ar.edu.iua.ingweb3.web.services"
	URL_TEST cannot be resolved or is not a field

	at org.springframework.beans.factory.support.AbstractAutowireCapableBeanFactory.instantiateBean(AbstractAutowireCapableBeanFactory.java:1229) ~[spring-beans-5.0.8.RELEASE.jar:5.0.8.RELEASE]
	at org.springframework.beans.factory.support.AbstractAutowireCapableBeanFactory.createBeanInstance(AbstractAutowireCapableBeanFactory.java:1128) ~[spring-beans-5.0.8.RELEASE.jar:5.0.8.RELEASE]
	at org.springframework.beans.factory.support.AbstractAutowireCapableBeanFactory.doCreateBean(AbstractAutowireCapableBeanFactory.java:535) ~[spring-beans-5.0.8.RELEASE.jar:5.0.8.RELEASE]
	at org.springframework.beans.factory.support.AbstractAutowireCapableBeanFactory.createBean(AbstractAutowireCapableBeanFactory.java:495) ~[spring-beans-5.0.8.RELEASE.jar:5.0.8.RELEASE]
	at org.springframework.beans.factory.support.AbstractBeanFactory.lambda$doGetBean$0(AbstractBeanFactory.java:317) ~[spring-beans-5.0.8.RELEASE.jar:5.0.8.RELEASE]
	at org.springframework.beans.factory.support.DefaultSingletonBeanRegistry.getSingleton(DefaultSingletonBeanRegistry.java:222) ~[spring-beans-5.0.8.RELEASE.jar:5.0.8.RELEASE]
	at org.springframework.beans.factory.support.AbstractBeanFactory.doGetBean(AbstractBeanFactory.java:315) ~[spring-beans-5.0.8.RELEASE.jar:5.0.8.RELEASE]
	at org.springframework.beans.factory.support.AbstractBeanFactory.getBean(AbstractBeanFactory.java:199) ~[spring-beans-5.0.8.RELEASE.jar:5.0.8.RELEASE]
	at org.springframework.beans.factory.support.DefaultListableBeanFactory.preInstantiateSingletons(DefaultListableBeanFactory.java:759) ~[spring-beans-5.0.8.RELEASE.jar:5.0.8.RELEASE]
	at org.springframework.context.support.AbstractApplicationContext.finishBeanFactoryInitialization(AbstractApplicationContext.java:869) ~[spring-context-5.0.8.RELEASE.jar:5.0.8.RELEASE]
	at org.springframework.context.support.AbstractApplicationContext.refresh(AbstractApplicationContext.java:550) ~[spring-context-5.0.8.RELEASE.jar:5.0.8.RELEASE]
	at org.springframework.boot.web.servlet.context.ServletWebServerApplicationContext.refresh(ServletWebServerApplicationContext.java:140) ~[spring-boot-2.0.4.RELEASE.jar:2.0.4.RELEASE]
	at org.springframework.boot.SpringApplication.refresh(SpringApplication.java:762) [spring-boot-2.0.4.RELEASE.jar:2.0.4.RELEASE]
	at org.springframework.boot.SpringApplication.refreshContext(SpringApplication.java:398) [spring-boot-2.0.4.RELEASE.jar:2.0.4.RELEASE]
	at org.springframework.boot.SpringApplication.run(SpringApplication.java:330) [spring-boot-2.0.4.RELEASE.jar:2.0.4.RELEASE]
	at org.springframework.boot.SpringApplication.run(SpringApplication.java:1258) [spring-boot-2.0.4.RELEASE.jar:2.0.4.RELEASE]
	at org.springframework.boot.SpringApplication.run(SpringApplication.java:1246) [spring-boot-2.0.4.RELEASE.jar:2.0.4.RELEASE]
	at ar.edu.iua.ingweb3.Ingweb3Application.main(Ingweb3Application.java:28) [classes/:na]
	at sun.reflect.NativeMethodAccessorImpl.invoke0(Native Method) ~[na:1.8.0_181]
	at sun.reflect.NativeMethodAccessorImpl.invoke(NativeMethodAccessorImpl.java:62) ~[na:1.8.0_181]
	at sun.reflect.DelegatingMethodAccessorImpl.invoke(DelegatingMethodAccessorImpl.java:43) ~[na:1.8.0_181]
	at java.lang.reflect.Method.invoke(Method.java:498) ~[na:1.8.0_181]
	at org.springframework.boot.devtools.restart.RestartLauncher.run(RestartLauncher.java:49) [spring-boot-devtools-2.0.4.RELEASE.jar:2.0.4.RELEASE]
Caused by: org.springframework.beans.BeanInstantiationException: Failed to instantiate [ar.edu.iua.ingweb3.web.services.TestRestController]: Constructor threw exception; nested exception is java.lang.Error: Unresolved compilation problems: 
	The declared package "com.reedcons.demo.web" does not match the expected package "ar.edu.iua.ingweb3.web.services"
	URL_TEST cannot be resolved or is not a field

	at org.springframework.beans.BeanUtils.instantiateClass(BeanUtils.java:182) ~[spring-beans-5.0.8.RELEASE.jar:5.0.8.RELEASE]
	at org.springframework.beans.factory.support.SimpleInstantiationStrategy.instantiate(SimpleInstantiationStrategy.java:87) ~[spring-beans-5.0.8.RELEASE.jar:5.0.8.RELEASE]
	at org.springframework.beans.factory.support.AbstractAutowireCapableBeanFactory.instantiateBean(AbstractAutowireCapableBeanFactory.java:1221) ~[spring-beans-5.0.8.RELEASE.jar:5.0.8.RELEASE]
	... 22 common frames omitted
Caused by: java.lang.Error: Unresolved compilation problems: 
	The declared package "com.reedcons.demo.web" does not match the expected package "ar.edu.iua.ingweb3.web.services"
	URL_TEST cannot be resolved or is not a field

	at ar.edu.iua.ingweb3.web.services.TestRestController.<init>(TestRestController.java:1) ~[classes/:na]
	at sun.reflect.NativeConstructorAccessorImpl.newInstance0(Native Method) ~[na:1.8.0_181]
	at sun.reflect.NativeConstructorAccessorImpl.newInstance(NativeConstructorAccessorImpl.java:62) ~[na:1.8.0_181]
	at sun.reflect.DelegatingConstructorAccessorImpl.newInstance(DelegatingConstructorAccessorImpl.java:45) ~[na:1.8.0_181]
	at java.lang.reflect.Constructor.newInstance(Constructor.java:423) ~[na:1.8.0_181]
	at org.springframework.beans.BeanUtils.instantiateClass(BeanUtils.java:170) ~[spring-beans-5.0.8.RELEASE.jar:5.0.8.RELEASE]
	... 24 common frames omitted
05-11-2018 12:35:28.521 [restartedMain] INFO  a.edu.iua.ingweb3.Ingweb3Application.logStarting - Starting Ingweb3Application on m-lat with PID 7881 (/home/mariano/borrar/workspace-ingweb3-2018/ingweb3/target/classes started by mariano in /home/mariano/borrar/workspace-ingweb3-2018/ingweb3)
05-11-2018 12:35:28.522 [restartedMain] DEBUG a.edu.iua.ingweb3.Ingweb3Application.logStarting - Running with Spring Boot v2.0.4.RELEASE, Spring v5.0.8.RELEASE
05-11-2018 12:35:28.529 [restartedMain] INFO  a.edu.iua.ingweb3.Ingweb3Application.logStartupProfileInfo - No active profile set, falling back to default profiles: default
05-11-2018 12:35:30.485 [restartedMain] DEBUG o.h.s.internal.StatisticsInitiator.initiateServiceInternal - Statistics initialized [enabled=true]
05-11-2018 12:35:30.580 [restartedMain] WARN  o.s.b.w.s.c.AnnotationConfigServletWebServerApplicationContext.refresh - Exception encountered during context initialization - cancelling refresh attempt: org.springframework.beans.factory.BeanCreationException: Error creating bean with name 'testRestController' defined in file [/home/mariano/borrar/workspace-ingweb3-2018/ingweb3/target/classes/ar/edu/iua/ingweb3/web/services/TestRestController.class]: Instantiation of bean failed; nested exception is org.springframework.beans.BeanInstantiationException: Failed to instantiate [ar.edu.iua.ingweb3.web.services.TestRestController]: Constructor threw exception; nested exception is java.lang.Error: Unresolved compilation problem: 
	The declared package "com.reedcons.demo.web" does not match the expected package "ar.edu.iua.ingweb3.web.services"

05-11-2018 12:35:30.647 [restartedMain] ERROR o.s.boot.SpringApplication.reportFailure - Application run failed
org.springframework.beans.factory.BeanCreationException: Error creating bean with name 'testRestController' defined in file [/home/mariano/borrar/workspace-ingweb3-2018/ingweb3/target/classes/ar/edu/iua/ingweb3/web/services/TestRestController.class]: Instantiation of bean failed; nested exception is org.springframework.beans.BeanInstantiationException: Failed to instantiate [ar.edu.iua.ingweb3.web.services.TestRestController]: Constructor threw exception; nested exception is java.lang.Error: Unresolved compilation problem: 
	The declared package "com.reedcons.demo.web" does not match the expected package "ar.edu.iua.ingweb3.web.services"

	at org.springframework.beans.factory.support.AbstractAutowireCapableBeanFactory.instantiateBean(AbstractAutowireCapableBeanFactory.java:1229) ~[spring-beans-5.0.8.RELEASE.jar:5.0.8.RELEASE]
	at org.springframework.beans.factory.support.AbstractAutowireCapableBeanFactory.createBeanInstance(AbstractAutowireCapableBeanFactory.java:1128) ~[spring-beans-5.0.8.RELEASE.jar:5.0.8.RELEASE]
	at org.springframework.beans.factory.support.AbstractAutowireCapableBeanFactory.doCreateBean(AbstractAutowireCapableBeanFactory.java:535) ~[spring-beans-5.0.8.RELEASE.jar:5.0.8.RELEASE]
	at org.springframework.beans.factory.support.AbstractAutowireCapableBeanFactory.createBean(AbstractAutowireCapableBeanFactory.java:495) ~[spring-beans-5.0.8.RELEASE.jar:5.0.8.RELEASE]
	at org.springframework.beans.factory.support.AbstractBeanFactory.lambda$doGetBean$0(AbstractBeanFactory.java:317) ~[spring-beans-5.0.8.RELEASE.jar:5.0.8.RELEASE]
	at org.springframework.beans.factory.support.DefaultSingletonBeanRegistry.getSingleton(DefaultSingletonBeanRegistry.java:222) ~[spring-beans-5.0.8.RELEASE.jar:5.0.8.RELEASE]
	at org.springframework.beans.factory.support.AbstractBeanFactory.doGetBean(AbstractBeanFactory.java:315) ~[spring-beans-5.0.8.RELEASE.jar:5.0.8.RELEASE]
	at org.springframework.beans.factory.support.AbstractBeanFactory.getBean(AbstractBeanFactory.java:199) ~[spring-beans-5.0.8.RELEASE.jar:5.0.8.RELEASE]
	at org.springframework.beans.factory.support.DefaultListableBeanFactory.preInstantiateSingletons(DefaultListableBeanFactory.java:759) ~[spring-beans-5.0.8.RELEASE.jar:5.0.8.RELEASE]
	at org.springframework.context.support.AbstractApplicationContext.finishBeanFactoryInitialization(AbstractApplicationContext.java:869) ~[spring-context-5.0.8.RELEASE.jar:5.0.8.RELEASE]
	at org.springframework.context.support.AbstractApplicationContext.refresh(AbstractApplicationContext.java:550) ~[spring-context-5.0.8.RELEASE.jar:5.0.8.RELEASE]
	at org.springframework.boot.web.servlet.context.ServletWebServerApplicationContext.refresh(ServletWebServerApplicationContext.java:140) ~[spring-boot-2.0.4.RELEASE.jar:2.0.4.RELEASE]
	at org.springframework.boot.SpringApplication.refresh(SpringApplication.java:762) [spring-boot-2.0.4.RELEASE.jar:2.0.4.RELEASE]
	at org.springframework.boot.SpringApplication.refreshContext(SpringApplication.java:398) [spring-boot-2.0.4.RELEASE.jar:2.0.4.RELEASE]
	at org.springframework.boot.SpringApplication.run(SpringApplication.java:330) [spring-boot-2.0.4.RELEASE.jar:2.0.4.RELEASE]
	at org.springframework.boot.SpringApplication.run(SpringApplication.java:1258) [spring-boot-2.0.4.RELEASE.jar:2.0.4.RELEASE]
	at org.springframework.boot.SpringApplication.run(SpringApplication.java:1246) [spring-boot-2.0.4.RELEASE.jar:2.0.4.RELEASE]
	at ar.edu.iua.ingweb3.Ingweb3Application.main(Ingweb3Application.java:28) [classes/:na]
	at sun.reflect.NativeMethodAccessorImpl.invoke0(Native Method) ~[na:1.8.0_181]
	at sun.reflect.NativeMethodAccessorImpl.invoke(NativeMethodAccessorImpl.java:62) ~[na:1.8.0_181]
	at sun.reflect.DelegatingMethodAccessorImpl.invoke(DelegatingMethodAccessorImpl.java:43) ~[na:1.8.0_181]
	at java.lang.reflect.Method.invoke(Method.java:498) ~[na:1.8.0_181]
	at org.springframework.boot.devtools.restart.RestartLauncher.run(RestartLauncher.java:49) [spring-boot-devtools-2.0.4.RELEASE.jar:2.0.4.RELEASE]
Caused by: org.springframework.beans.BeanInstantiationException: Failed to instantiate [ar.edu.iua.ingweb3.web.services.TestRestController]: Constructor threw exception; nested exception is java.lang.Error: Unresolved compilation problem: 
	The declared package "com.reedcons.demo.web" does not match the expected package "ar.edu.iua.ingweb3.web.services"

	at org.springframework.beans.BeanUtils.instantiateClass(BeanUtils.java:182) ~[spring-beans-5.0.8.RELEASE.jar:5.0.8.RELEASE]
	at org.springframework.beans.factory.support.SimpleInstantiationStrategy.instantiate(SimpleInstantiationStrategy.java:87) ~[spring-beans-5.0.8.RELEASE.jar:5.0.8.RELEASE]
	at org.springframework.beans.factory.support.AbstractAutowireCapableBeanFactory.instantiateBean(AbstractAutowireCapableBeanFactory.java:1221) ~[spring-beans-5.0.8.RELEASE.jar:5.0.8.RELEASE]
	... 22 common frames omitted
Caused by: java.lang.Error: Unresolved compilation problem: 
	The declared package "com.reedcons.demo.web" does not match the expected package "ar.edu.iua.ingweb3.web.services"

	at ar.edu.iua.ingweb3.web.services.TestRestController.<init>(TestRestController.java:1) ~[classes/:na]
	at sun.reflect.NativeConstructorAccessorImpl.newInstance0(Native Method) ~[na:1.8.0_181]
	at sun.reflect.NativeConstructorAccessorImpl.newInstance(NativeConstructorAccessorImpl.java:62) ~[na:1.8.0_181]
	at sun.reflect.DelegatingConstructorAccessorImpl.newInstance(DelegatingConstructorAccessorImpl.java:45) ~[na:1.8.0_181]
	at java.lang.reflect.Constructor.newInstance(Constructor.java:423) ~[na:1.8.0_181]
	at org.springframework.beans.BeanUtils.instantiateClass(BeanUtils.java:170) ~[spring-beans-5.0.8.RELEASE.jar:5.0.8.RELEASE]
	... 24 common frames omitted
05-11-2018 12:35:37.981 [restartedMain] INFO  a.edu.iua.ingweb3.Ingweb3Application.logStarting - Starting Ingweb3Application on m-lat with PID 7881 (/home/mariano/borrar/workspace-ingweb3-2018/ingweb3/target/classes started by mariano in /home/mariano/borrar/workspace-ingweb3-2018/ingweb3)
05-11-2018 12:35:37.982 [restartedMain] DEBUG a.edu.iua.ingweb3.Ingweb3Application.logStarting - Running with Spring Boot v2.0.4.RELEASE, Spring v5.0.8.RELEASE
05-11-2018 12:35:37.982 [restartedMain] INFO  a.edu.iua.ingweb3.Ingweb3Application.logStartupProfileInfo - No active profile set, falling back to default profiles: default
05-11-2018 12:35:40.329 [restartedMain] DEBUG o.h.s.internal.StatisticsInitiator.initiateServiceInternal - Statistics initialized [enabled=true]
05-11-2018 12:35:40.554 [restartedMain] WARN  o.s.b.a.o.j.JpaBaseConfiguration$JpaWebConfiguration$JpaWebMvcConfiguration.openEntityManagerInViewInterceptor - spring.jpa.open-in-view is enabled by default. Therefore, database queries may be performed during view rendering. Explicitly configure spring.jpa.open-in-view to disable this warning
05-11-2018 12:35:41.592 [restartedMain] INFO  a.edu.iua.ingweb3.Ingweb3Application.logStarted - Started Ingweb3Application in 3.657 seconds (JVM running for 9930.39)
05-11-2018 12:35:41.595 [restartedMain] DEBUG a.e.i.i.Ingweb3Application$$EnhancerBySpringCGLIB$$80bf757b.run - DataSource actual= HikariDataSource (HikariPool-6)
05-11-2018 12:35:41.710 [restartedMain] DEBUG a.e.i.i.Ingweb3Application$$EnhancerBySpringCGLIB$$80bf757b.run - La password 'paswword' codificada es: $2a$10$bIhrwBd4C0vJbWMIBhV6Ae/8CzDCLs0OckrA6bcPRv1DfJfObVU7K
